{"/Users/elenamoreno/dev/whatsapp-gw/src/db/message_queries.ts": {"path":"/Users/elenamoreno/dev/whatsapp-gw/src/db/message_queries.ts","statementMap":{"0":{"start":{"line":15,"column":0},"end":{"line":15,"column":7}},"1":{"start":{"line":50,"column":0},"end":{"line":50,"column":7}},"2":{"start":{"line":59,"column":0},"end":{"line":59,"column":7}},"3":{"start":{"line":76,"column":0},"end":{"line":76,"column":7}},"4":{"start":{"line":21,"column":19},"end":{"line":45,"column":null}},"5":{"start":{"line":47,"column":4},"end":{"line":47,"column":23}},"6":{"start":{"line":51,"column":4},"end":{"line":56,"column":6}},"7":{"start":{"line":65,"column":4},"end":{"line":73,"column":6}},"8":{"start":{"line":77,"column":19},"end":{"line":79,"column":null}},"9":{"start":{"line":81,"column":4},"end":{"line":83,"column":5}},"10":{"start":{"line":82,"column":8},"end":{"line":82,"column":93}}},"fnMap":{"0":{"name":"claimPendingBatch","decl":{"start":{"line":15,"column":22},"end":{"line":15,"column":39}},"loc":{"start":{"line":19,"column":21},"end":{"line":48,"column":1}}},"1":{"name":"markSent","decl":{"start":{"line":50,"column":22},"end":{"line":50,"column":30}},"loc":{"start":{"line":50,"column":56},"end":{"line":57,"column":1}}},"2":{"name":"markFailed","decl":{"start":{"line":59,"column":22},"end":{"line":59,"column":32}},"loc":{"start":{"line":63,"column":22},"end":{"line":74,"column":1}}},"3":{"name":"resetStaleProcessing","decl":{"start":{"line":76,"column":22},"end":{"line":76,"column":42}},"loc":{"start":{"line":76,"column":56},"end":{"line":84,"column":1}}}},"branchMap":{"0":{"loc":{"start":{"line":81,"column":4},"end":{"line":83,"column":5}},"type":"if","locations":[{"start":{"line":81,"column":4},"end":{"line":83,"column":5}},{"start":{},"end":{}}]},"1":{"loc":{"start":{"line":81,"column":8},"end":{"line":81,"column":46}},"type":"binary-expr","locations":[{"start":{"line":81,"column":8},"end":{"line":81,"column":23}},{"start":{"line":81,"column":27},"end":{"line":81,"column":46}}]}},"s":{"0":3,"1":3,"2":3,"3":3,"4":9,"5":9,"6":1,"7":3,"8":4,"9":4,"10":2},"f":{"0":9,"1":1,"2":3,"3":4},"b":{"0":[2,2],"1":[4,2]}}
,"/Users/elenamoreno/dev/whatsapp-gw/src/incoming/conversation_message.ts": {"path":"/Users/elenamoreno/dev/whatsapp-gw/src/incoming/conversation_message.ts","statementMap":{"0":{"start":{"line":4,"column":0},"end":{"line":4,"column":7}},"1":{"start":{"line":1,"column":0},"end":{"line":1,"column":62}},"2":{"start":{"line":2,"column":0},"end":{"line":2,"column":79}},"3":{"start":{"line":5,"column":4},"end":{"line":11,"column":5}},"4":{"start":{"line":6,"column":8},"end":{"line":6,"column":68}},"5":{"start":{"line":7,"column":11},"end":{"line":11,"column":5}},"6":{"start":{"line":8,"column":8},"end":{"line":8,"column":67}},"7":{"start":{"line":9,"column":11},"end":{"line":11,"column":5}},"8":{"start":{"line":10,"column":8},"end":{"line":10,"column":15}},"9":{"start":{"line":15,"column":4},"end":{"line":15,"column":61}},"10":{"start":{"line":18,"column":4},"end":{"line":23,"column":5}},"11":{"start":{"line":18,"column":23},"end":{"line":18,"column":24}},"12":{"start":{"line":19,"column":8},"end":{"line":19,"column":64}},"13":{"start":{"line":19,"column":37},"end":{"line":19,"column":62}},"14":{"start":{"line":20,"column":8},"end":{"line":20,"column":46}},"15":{"start":{"line":21,"column":8},"end":{"line":21,"column":43}},"16":{"start":{"line":21,"column":37},"end":{"line":21,"column":43}},"17":{"start":{"line":22,"column":8},"end":{"line":22,"column":88}},"18":{"start":{"line":24,"column":4},"end":{"line":27,"column":5}},"19":{"start":{"line":25,"column":8},"end":{"line":25,"column":65}},"20":{"start":{"line":26,"column":8},"end":{"line":26,"column":15}},"21":{"start":{"line":28,"column":24},"end":{"line":28,"column":57}},"22":{"start":{"line":29,"column":22},"end":{"line":29,"column":59}},"23":{"start":{"line":30,"column":4},"end":{"line":30,"column":90}},"24":{"start":{"line":31,"column":17},"end":{"line":31,"column":88}},"25":{"start":{"line":33,"column":17},"end":{"line":33,"column":31}},"26":{"start":{"line":34,"column":4},"end":{"line":34,"column":31}},"27":{"start":{"line":35,"column":4},"end":{"line":35,"column":40}},"28":{"start":{"line":37,"column":4},"end":{"line":47,"column":7}},"29":{"start":{"line":41,"column":8},"end":{"line":41,"column":93}},"30":{"start":{"line":41,"column":26},"end":{"line":41,"column":93}},"31":{"start":{"line":42,"column":8},"end":{"line":42,"column":31}},"32":{"start":{"line":44,"column":8},"end":{"line":44,"column":60}},"33":{"start":{"line":46,"column":8},"end":{"line":46,"column":61}},"34":{"start":{"line":48,"column":4},"end":{"line":48,"column":11}},"35":{"start":{"line":52,"column":4},"end":{"line":52,"column":60}},"36":{"start":{"line":54,"column":4},"end":{"line":65,"column":7}},"37":{"start":{"line":59,"column":8},"end":{"line":59,"column":93}},"38":{"start":{"line":59,"column":26},"end":{"line":59,"column":93}},"39":{"start":{"line":60,"column":8},"end":{"line":60,"column":31}},"40":{"start":{"line":62,"column":8},"end":{"line":62,"column":60}},"41":{"start":{"line":64,"column":8},"end":{"line":64,"column":60}},"42":{"start":{"line":66,"column":4},"end":{"line":66,"column":11}}},"fnMap":{"0":{"name":"processMessage","decl":{"start":{"line":4,"column":22},"end":{"line":4,"column":36}},"loc":{"start":{"line":4,"column":93},"end":{"line":12,"column":1}}},"1":{"name":"processAudioMessage","decl":{"start":{"line":14,"column":15},"end":{"line":14,"column":34}},"loc":{"start":{"line":14,"column":91},"end":{"line":49,"column":1}}},"2":{"name":"(anonymous_2)","decl":{"start":{"line":19,"column":26},"end":{"line":19,"column":33}},"loc":{"start":{"line":19,"column":37},"end":{"line":19,"column":62}}},"3":{"name":"(anonymous_3)","decl":{"start":{"line":40,"column":12},"end":{"line":40,"column":21}},"loc":{"start":{"line":40,"column":29},"end":{"line":43,"column":5}}},"4":{"name":"(anonymous_4)","decl":{"start":{"line":43,"column":12},"end":{"line":43,"column":21}},"loc":{"start":{"line":43,"column":46},"end":{"line":45,"column":5}}},"5":{"name":"(anonymous_5)","decl":{"start":{"line":45,"column":13},"end":{"line":45,"column":22}},"loc":{"start":{"line":45,"column":27},"end":{"line":47,"column":5}}},"6":{"name":"processTextMessage","decl":{"start":{"line":51,"column":15},"end":{"line":51,"column":33}},"loc":{"start":{"line":51,"column":90},"end":{"line":67,"column":1}}},"7":{"name":"(anonymous_7)","decl":{"start":{"line":58,"column":12},"end":{"line":58,"column":21}},"loc":{"start":{"line":58,"column":29},"end":{"line":61,"column":5}}},"8":{"name":"(anonymous_8)","decl":{"start":{"line":61,"column":12},"end":{"line":61,"column":21}},"loc":{"start":{"line":61,"column":46},"end":{"line":63,"column":5}}},"9":{"name":"(anonymous_9)","decl":{"start":{"line":63,"column":13},"end":{"line":63,"column":22}},"loc":{"start":{"line":63,"column":27},"end":{"line":65,"column":5}}}},"branchMap":{"0":{"loc":{"start":{"line":5,"column":4},"end":{"line":11,"column":5}},"type":"if","locations":[{"start":{"line":5,"column":4},"end":{"line":11,"column":5}},{"start":{"line":7,"column":11},"end":{"line":11,"column":5}}]},"1":{"loc":{"start":{"line":5,"column":8},"end":{"line":5,"column":82}},"type":"binary-expr","locations":[{"start":{"line":5,"column":8},"end":{"line":5,"column":43}},{"start":{"line":5,"column":47},"end":{"line":5,"column":82}}]},"2":{"loc":{"start":{"line":7,"column":11},"end":{"line":11,"column":5}},"type":"if","locations":[{"start":{"line":7,"column":11},"end":{"line":11,"column":5}},{"start":{"line":9,"column":11},"end":{"line":11,"column":5}}]},"3":{"loc":{"start":{"line":9,"column":11},"end":{"line":11,"column":5}},"type":"if","locations":[{"start":{"line":9,"column":11},"end":{"line":11,"column":5}},{"start":{},"end":{}}]},"4":{"loc":{"start":{"line":21,"column":8},"end":{"line":21,"column":43}},"type":"if","locations":[{"start":{"line":21,"column":8},"end":{"line":21,"column":43}},{"start":{},"end":{}}]},"5":{"loc":{"start":{"line":24,"column":4},"end":{"line":27,"column":5}},"type":"if","locations":[{"start":{"line":24,"column":4},"end":{"line":27,"column":5}},{"start":{},"end":{}}]},"6":{"loc":{"start":{"line":29,"column":22},"end":{"line":29,"column":59}},"type":"binary-expr","locations":[{"start":{"line":29,"column":22},"end":{"line":29,"column":50}},{"start":{"line":29,"column":54},"end":{"line":29,"column":59}}]},"7":{"loc":{"start":{"line":41,"column":8},"end":{"line":41,"column":93}},"type":"if","locations":[{"start":{"line":41,"column":8},"end":{"line":41,"column":93}},{"start":{},"end":{}}]},"8":{"loc":{"start":{"line":59,"column":8},"end":{"line":59,"column":93}},"type":"if","locations":[{"start":{"line":59,"column":8},"end":{"line":59,"column":93}},{"start":{},"end":{}}]}},"s":{"0":1,"1":1,"2":1,"3":9,"4":4,"5":5,"6":4,"7":1,"8":1,"9":4,"10":4,"11":4,"12":10,"13":10,"14":10,"15":10,"16":3,"17":7,"18":4,"19":1,"20":1,"21":3,"22":3,"23":3,"24":3,"25":3,"26":3,"27":3,"28":3,"29":3,"30":0,"31":3,"32":3,"33":0,"34":3,"35":4,"36":4,"37":3,"38":1,"39":2,"40":2,"41":2,"42":4},"f":{"0":9,"1":4,"2":10,"3":3,"4":3,"5":0,"6":4,"7":3,"8":2,"9":2},"b":{"0":[4,5],"1":[9,6],"2":[4,1],"3":[1,0],"4":[3,7],"5":[1,3],"6":[3,0],"7":[0,3],"8":[1,2]}}
,"/Users/elenamoreno/dev/whatsapp-gw/src/outgoing/conversation_response.ts": {"path":"/Users/elenamoreno/dev/whatsapp-gw/src/outgoing/conversation_response.ts","statementMap":{"0":{"start":{"line":8,"column":0},"end":{"line":8,"column":7}},"1":{"start":{"line":1,"column":0},"end":{"line":1,"column":45}},"2":{"start":{"line":9,"column":4},"end":{"line":24,"column":5}},"3":{"start":{"line":10,"column":8},"end":{"line":10,"column":64}},"4":{"start":{"line":11,"column":11},"end":{"line":24,"column":5}},"5":{"start":{"line":12,"column":21},"end":{"line":15,"column":10}},"6":{"start":{"line":16,"column":8},"end":{"line":16,"column":50}},"7":{"start":{"line":17,"column":11},"end":{"line":24,"column":5}},"8":{"start":{"line":18,"column":8},"end":{"line":18,"column":74}},"9":{"start":{"line":19,"column":21},"end":{"line":22,"column":10}},"10":{"start":{"line":23,"column":8},"end":{"line":23,"column":50}}},"fnMap":{"0":{"name":"processResponse","decl":{"start":{"line":8,"column":22},"end":{"line":8,"column":37}},"loc":{"start":{"line":8,"column":98},"end":{"line":25,"column":1}}}},"branchMap":{"0":{"loc":{"start":{"line":9,"column":4},"end":{"line":24,"column":5}},"type":"if","locations":[{"start":{"line":9,"column":4},"end":{"line":24,"column":5}},{"start":{"line":11,"column":11},"end":{"line":24,"column":5}}]},"1":{"loc":{"start":{"line":11,"column":11},"end":{"line":24,"column":5}},"type":"if","locations":[{"start":{"line":11,"column":11},"end":{"line":24,"column":5}},{"start":{"line":17,"column":11},"end":{"line":24,"column":5}}]},"2":{"loc":{"start":{"line":17,"column":11},"end":{"line":24,"column":5}},"type":"if","locations":[{"start":{"line":17,"column":11},"end":{"line":24,"column":5}},{"start":{},"end":{}}]}},"s":{"0":1,"1":1,"2":6,"3":3,"4":3,"5":1,"6":1,"7":2,"8":2,"9":2,"10":2},"f":{"0":6},"b":{"0":[3,3],"1":[1,2],"2":[2,0]}}
,"/Users/elenamoreno/dev/whatsapp-gw/src/outgoing/message_processor.ts": {"path":"/Users/elenamoreno/dev/whatsapp-gw/src/outgoing/message_processor.ts","statementMap":{"0":{"start":{"line":10,"column":0},"end":{"line":10,"column":16}},"1":{"start":{"line":4,"column":0},"end":{"line":4,"column":78}},"2":{"start":{"line":7,"column":4},"end":{"line":7,"column":61}},"3":{"start":{"line":7,"column":36},"end":{"line":7,"column":59}},"4":{"start":{"line":11,"column":4},"end":{"line":11,"column":53}},"5":{"start":{"line":14,"column":8},"end":{"line":38,"column":9}},"6":{"start":{"line":15,"column":25},"end":{"line":15,"column":116}},"7":{"start":{"line":16,"column":12},"end":{"line":18,"column":13}},"8":{"start":{"line":17,"column":16},"end":{"line":17,"column":82}},"9":{"start":{"line":20,"column":12},"end":{"line":35,"column":13}},"10":{"start":{"line":20,"column":25},"end":{"line":20,"column":26}},"11":{"start":{"line":21,"column":28},"end":{"line":21,"column":36}},"12":{"start":{"line":22,"column":16},"end":{"line":30,"column":17}},"13":{"start":{"line":23,"column":20},"end":{"line":23,"column":84}},"14":{"start":{"line":24,"column":20},"end":{"line":24,"column":49}},"15":{"start":{"line":25,"column":20},"end":{"line":25,"column":92}},"16":{"start":{"line":27,"column":37},"end":{"line":27,"column":85}},"17":{"start":{"line":28,"column":20},"end":{"line":28,"column":80}},"18":{"start":{"line":29,"column":20},"end":{"line":29,"column":89}},"19":{"start":{"line":32,"column":16},"end":{"line":34,"column":17}},"20":{"start":{"line":33,"column":20},"end":{"line":33,"column":52}},"21":{"start":{"line":37,"column":12},"end":{"line":37,"column":67}},"22":{"start":{"line":40,"column":8},"end":{"line":40,"column":48}},"23":{"start":{"line":43,"column":4},"end":{"line":43,"column":44}}},"fnMap":{"0":{"name":"delay","decl":{"start":{"line":6,"column":9},"end":{"line":6,"column":14}},"loc":{"start":{"line":6,"column":25},"end":{"line":8,"column":1}}},"1":{"name":"(anonymous_1)","decl":{"start":{"line":7,"column":23},"end":{"line":7,"column":24}},"loc":{"start":{"line":7,"column":36},"end":{"line":7,"column":59}}},"2":{"name":"startMessageOutboxProcessor","decl":{"start":{"line":10,"column":16},"end":{"line":10,"column":43}},"loc":{"start":{"line":10,"column":102},"end":{"line":44,"column":1}}},"3":{"name":"poll","decl":{"start":{"line":13,"column":19},"end":{"line":13,"column":23}},"loc":{"start":{"line":13,"column":23},"end":{"line":41,"column":5}}}},"branchMap":{"0":{"loc":{"start":{"line":16,"column":12},"end":{"line":18,"column":13}},"type":"if","locations":[{"start":{"line":16,"column":12},"end":{"line":18,"column":13}},{"start":{},"end":{}}]},"1":{"loc":{"start":{"line":27,"column":37},"end":{"line":27,"column":85}},"type":"cond-expr","locations":[{"start":{"line":27,"column":60},"end":{"line":27,"column":71}},{"start":{"line":27,"column":74},"end":{"line":27,"column":85}}]},"2":{"loc":{"start":{"line":32,"column":16},"end":{"line":34,"column":17}},"type":"if","locations":[{"start":{"line":32,"column":16},"end":{"line":34,"column":17}},{"start":{},"end":{}}]}},"s":{"0":2,"1":2,"2":11,"3":11,"4":13,"5":17,"6":17,"7":15,"8":10,"9":15,"10":15,"11":21,"12":21,"13":21,"14":17,"15":17,"16":4,"17":4,"18":4,"19":21,"20":11,"21":2,"22":17,"23":13},"f":{"0":11,"1":11,"2":13,"3":17},"b":{"0":[10,5],"1":[4,0],"2":[11,10]}}
}
