TN:
SF:src/db/message_queries.ts
FN:15,claimPendingBatch
FN:50,markSent
FN:59,markFailed
FN:76,resetStaleProcessing
FNF:4
FNH:4
FNDA:9,claimPendingBatch
FNDA:1,markSent
FNDA:3,markFailed
FNDA:4,resetStaleProcessing
DA:15,3
DA:21,9
DA:47,9
DA:50,3
DA:51,1
DA:59,3
DA:65,3
DA:76,3
DA:77,4
DA:81,4
DA:82,2
LF:11
LH:11
BRDA:81,0,0,2
BRDA:81,0,1,2
BRDA:81,1,0,4
BRDA:81,1,1,2
BRF:4
BRH:4
end_of_record
TN:
SF:src/incoming/conversation_message.ts
FN:4,processMessage
FN:14,processAudioMessage
FN:19,(anonymous_2)
FN:40,(anonymous_3)
FN:43,(anonymous_4)
FN:45,(anonymous_5)
FN:51,processTextMessage
FN:58,(anonymous_7)
FN:61,(anonymous_8)
FN:63,(anonymous_9)
FNF:10
FNH:9
FNDA:9,processMessage
FNDA:4,processAudioMessage
FNDA:10,(anonymous_2)
FNDA:3,(anonymous_3)
FNDA:3,(anonymous_4)
FNDA:0,(anonymous_5)
FNDA:4,processTextMessage
FNDA:3,(anonymous_7)
FNDA:2,(anonymous_8)
FNDA:2,(anonymous_9)
DA:1,1
DA:2,1
DA:4,1
DA:5,9
DA:6,4
DA:7,5
DA:8,4
DA:9,1
DA:10,1
DA:15,4
DA:18,4
DA:19,10
DA:20,10
DA:21,10
DA:22,7
DA:24,4
DA:25,1
DA:26,1
DA:28,3
DA:29,3
DA:30,3
DA:31,3
DA:33,3
DA:34,3
DA:35,3
DA:37,3
DA:41,3
DA:42,3
DA:44,3
DA:46,0
DA:48,3
DA:52,4
DA:54,4
DA:59,3
DA:60,2
DA:62,2
DA:64,2
DA:66,4
LF:38
LH:37
BRDA:5,0,0,4
BRDA:5,0,1,5
BRDA:5,1,0,9
BRDA:5,1,1,6
BRDA:7,2,0,4
BRDA:7,2,1,1
BRDA:9,3,0,1
BRDA:9,3,1,0
BRDA:21,4,0,3
BRDA:21,4,1,7
BRDA:24,5,0,1
BRDA:24,5,1,3
BRDA:29,6,0,3
BRDA:29,6,1,0
BRDA:41,7,0,0
BRDA:41,7,1,3
BRDA:59,8,0,1
BRDA:59,8,1,2
BRF:18
BRH:15
end_of_record
TN:
SF:src/outgoing/conversation_response.ts
FN:8,processResponse
FNF:1
FNH:1
FNDA:6,processResponse
DA:1,1
DA:8,1
DA:9,6
DA:10,3
DA:11,3
DA:12,1
DA:16,1
DA:17,2
DA:18,2
DA:19,2
DA:23,2
LF:11
LH:11
BRDA:9,0,0,3
BRDA:9,0,1,3
BRDA:11,1,0,1
BRDA:11,1,1,2
BRDA:17,2,0,2
BRDA:17,2,1,0
BRF:6
BRH:5
end_of_record
TN:
SF:src/outgoing/message_processor.ts
FN:6,delay
FN:7,(anonymous_1)
FN:10,startMessageOutboxProcessor
FN:13,poll
FNF:4
FNH:4
FNDA:11,delay
FNDA:11,(anonymous_1)
FNDA:13,startMessageOutboxProcessor
FNDA:17,poll
DA:4,2
DA:7,11
DA:10,2
DA:11,13
DA:14,17
DA:15,17
DA:16,15
DA:17,10
DA:20,15
DA:21,21
DA:22,21
DA:23,21
DA:24,17
DA:25,17
DA:27,4
DA:28,4
DA:29,4
DA:32,21
DA:33,11
DA:37,2
DA:40,17
DA:43,13
LF:22
LH:22
BRDA:16,0,0,10
BRDA:16,0,1,5
BRDA:27,1,0,4
BRDA:27,1,1,0
BRDA:32,2,0,11
BRDA:32,2,1,10
BRF:6
BRH:5
end_of_record
